#0 building with "desktop-linux" instance using docker driver

#1 [internal] load build definition from Dockerfile
#1 transferring dockerfile: 470B done
#1 DONE 0.0s

#2 [internal] load metadata for docker.io/library/node:20-bullseye
#2 ...

#3 [auth] library/nginx:pull token for registry-1.docker.io
#3 DONE 0.0s

#4 [auth] library/node:pull token for registry-1.docker.io
#4 DONE 0.0s

#5 [internal] load metadata for docker.io/library/nginx:alpine
#5 DONE 1.9s

#2 [internal] load metadata for docker.io/library/node:20-bullseye
#2 DONE 3.1s

#6 [internal] load .dockerignore
#6 transferring context: 74B done
#6 DONE 0.0s

#7 [internal] load build context
#7 transferring context: 83.03kB 0.0s done
#7 DONE 0.0s

#8 [stage-1 1/3] FROM docker.io/library/nginx:alpine@sha256:42a516af16b852e33b7682d5ef8acbd5d13fe08fecadc7ed98605ba5e3b26ab8
#8 resolve docker.io/library/nginx:alpine@sha256:42a516af16b852e33b7682d5ef8acbd5d13fe08fecadc7ed98605ba5e3b26ab8 0.1s done
#8 DONE 0.1s

#9 [build 1/6] FROM docker.io/library/node:20-bullseye@sha256:02d506ed5f26590a30d9bb41de99f696f5221c6162ae0ee1538b750adbb4a215
#9 resolve docker.io/library/node:20-bullseye@sha256:02d506ed5f26590a30d9bb41de99f696f5221c6162ae0ee1538b750adbb4a215
#9 ...

#8 [stage-1 1/3] FROM docker.io/library/nginx:alpine@sha256:42a516af16b852e33b7682d5ef8acbd5d13fe08fecadc7ed98605ba5e3b26ab8
#8 CACHED

#9 [build 1/6] FROM docker.io/library/node:20-bullseye@sha256:02d506ed5f26590a30d9bb41de99f696f5221c6162ae0ee1538b750adbb4a215
#9 resolve docker.io/library/node:20-bullseye@sha256:02d506ed5f26590a30d9bb41de99f696f5221c6162ae0ee1538b750adbb4a215 0.1s done
#9 DONE 0.5s

#9 [build 1/6] FROM docker.io/library/node:20-bullseye@sha256:02d506ed5f26590a30d9bb41de99f696f5221c6162ae0ee1538b750adbb4a215
#9 sha256:50415dd169efd1a145df0e4848aa9ca3c89b57a0ae55e859715f0e73cb2ac9dd 0B / 446B 0.2s
#9 sha256:74cbdf595b3918abdc6adc2482e9590775dbc1141c80f7523b059618cf7c2937 0B / 48.67MB 0.2s
#9 sha256:8f58081105937458af730792f1fceac99f3256e1532b1ee53897a9f2934eddd2 0B / 1.25MB 0.2s
#9 sha256:a74a20b62d3bb5eef1699b1bdc5f3a32ad8b4aa7dca336fafc353c8082e4652b 0B / 4.08kB 0.2s
#9 sha256:50415dd169efd1a145df0e4848aa9ca3c89b57a0ae55e859715f0e73cb2ac9dd 446B / 446B 0.6s done
#9 sha256:dd6f7f2858f78fda61ee4b09ef4641600c64959581a56b582d6110d612850d83 0B / 197.15MB 0.2s
#9 sha256:74cbdf595b3918abdc6adc2482e9590775dbc1141c80f7523b059618cf7c2937 3.26MB / 48.67MB 1.2s
#9 sha256:99bdf4e3059e088f15d90d719c388546de462f8152d07d724a4895907f69c1ce 0B / 54.76MB 0.2s
#9 sha256:74cbdf595b3918abdc6adc2482e9590775dbc1141c80f7523b059618cf7c2937 6.29MB / 48.67MB 1.5s
#9 sha256:8f58081105937458af730792f1fceac99f3256e1532b1ee53897a9f2934eddd2 1.25MB / 1.25MB 1.8s done
#9 sha256:74cbdf595b3918abdc6adc2482e9590775dbc1141c80f7523b059618cf7c2937 9.44MB / 48.67MB 2.0s
#9 sha256:8620e616831b3851d274036e48fee788599fe355ea621ba7b912b9c15925e81f 0B / 15.77MB 0.2s
#9 sha256:74cbdf595b3918abdc6adc2482e9590775dbc1141c80f7523b059618cf7c2937 12.18MB / 48.67MB 2.4s
#9 sha256:99bdf4e3059e088f15d90d719c388546de462f8152d07d724a4895907f69c1ce 4.19MB / 54.76MB 1.4s
#9 sha256:8620e616831b3851d274036e48fee788599fe355ea621ba7b912b9c15925e81f 1.05MB / 15.77MB 0.9s
#9 sha256:74cbdf595b3918abdc6adc2482e9590775dbc1141c80f7523b059618cf7c2937 14.68MB / 48.67MB 2.9s
#9 sha256:8620e616831b3851d274036e48fee788599fe355ea621ba7b912b9c15925e81f 2.10MB / 15.77MB 1.1s
#9 sha256:8620e616831b3851d274036e48fee788599fe355ea621ba7b912b9c15925e81f 3.15MB / 15.77MB 1.4s
#9 sha256:99bdf4e3059e088f15d90d719c388546de462f8152d07d724a4895907f69c1ce 7.34MB / 54.76MB 2.3s
#9 sha256:8620e616831b3851d274036e48fee788599fe355ea621ba7b912b9c15925e81f 4.19MB / 15.77MB 1.5s
#9 sha256:8620e616831b3851d274036e48fee788599fe355ea621ba7b912b9c15925e81f 5.24MB / 15.77MB 2.1s
#9 sha256:dd6f7f2858f78fda61ee4b09ef4641600c64959581a56b582d6110d612850d83 10.49MB / 197.15MB 3.6s
#9 sha256:99bdf4e3059e088f15d90d719c388546de462f8152d07d724a4895907f69c1ce 10.49MB / 54.76MB 3.2s
#9 sha256:8620e616831b3851d274036e48fee788599fe355ea621ba7b912b9c15925e81f 6.29MB / 15.77MB 2.4s
#9 sha256:8620e616831b3851d274036e48fee788599fe355ea621ba7b912b9c15925e81f 7.34MB / 15.77MB 2.6s
#9 sha256:99bdf4e3059e088f15d90d719c388546de462f8152d07d724a4895907f69c1ce 13.63MB / 54.76MB 3.5s
#9 sha256:8620e616831b3851d274036e48fee788599fe355ea621ba7b912b9c15925e81f 9.44MB / 15.77MB 2.7s
#9 sha256:8620e616831b3851d274036e48fee788599fe355ea621ba7b912b9c15925e81f 10.49MB / 15.77MB 2.9s
#9 sha256:74cbdf595b3918abdc6adc2482e9590775dbc1141c80f7523b059618cf7c2937 17.83MB / 48.67MB 4.8s
#9 sha256:99bdf4e3059e088f15d90d719c388546de462f8152d07d724a4895907f69c1ce 16.78MB / 54.76MB 3.8s
#9 sha256:8620e616831b3851d274036e48fee788599fe355ea621ba7b912b9c15925e81f 11.53MB / 15.77MB 3.0s
#9 sha256:8620e616831b3851d274036e48fee788599fe355ea621ba7b912b9c15925e81f 12.58MB / 15.77MB 3.2s
#9 sha256:8620e616831b3851d274036e48fee788599fe355ea621ba7b912b9c15925e81f 13.63MB / 15.77MB 3.3s
#9 sha256:99bdf4e3059e088f15d90d719c388546de462f8152d07d724a4895907f69c1ce 20.97MB / 54.76MB 4.2s
#9 sha256:8620e616831b3851d274036e48fee788599fe355ea621ba7b912b9c15925e81f 15.77MB / 15.77MB 3.5s done
#9 sha256:078965fc7cf303b72cc4eef5479dc2dbf5bc84fb8e6052a89b9b5362e14b3651 0B / 53.76MB 0.2s
#9 sha256:74cbdf595b3918abdc6adc2482e9590775dbc1141c80f7523b059618cf7c2937 20.97MB / 48.67MB 5.7s
#9 sha256:dd6f7f2858f78fda61ee4b09ef4641600c64959581a56b582d6110d612850d83 22.02MB / 197.15MB 5.3s
#9 sha256:99bdf4e3059e088f15d90d719c388546de462f8152d07d724a4895907f69c1ce 26.21MB / 54.76MB 4.7s
#9 sha256:99bdf4e3059e088f15d90d719c388546de462f8152d07d724a4895907f69c1ce 29.36MB / 54.76MB 5.1s
#9 sha256:078965fc7cf303b72cc4eef5479dc2dbf5bc84fb8e6052a89b9b5362e14b3651 3.15MB / 53.76MB 1.2s
#9 sha256:99bdf4e3059e088f15d90d719c388546de462f8152d07d724a4895907f69c1ce 32.51MB / 54.76MB 5.6s
#9 sha256:078965fc7cf303b72cc4eef5479dc2dbf5bc84fb8e6052a89b9b5362e14b3651 6.29MB / 53.76MB 1.5s
#9 sha256:74cbdf595b3918abdc6adc2482e9590775dbc1141c80f7523b059618cf7c2937 24.12MB / 48.67MB 6.9s
#9 sha256:99bdf4e3059e088f15d90d719c388546de462f8152d07d724a4895907f69c1ce 36.70MB / 54.76MB 6.0s
#9 sha256:078965fc7cf303b72cc4eef5479dc2dbf5bc84fb8e6052a89b9b5362e14b3651 9.44MB / 53.76MB 1.8s
#9 sha256:99bdf4e3059e088f15d90d719c388546de462f8152d07d724a4895907f69c1ce 39.85MB / 54.76MB 6.3s
#9 sha256:74cbdf595b3918abdc6adc2482e9590775dbc1141c80f7523b059618cf7c2937 27.26MB / 48.67MB 7.5s
#9 sha256:078965fc7cf303b72cc4eef5479dc2dbf5bc84fb8e6052a89b9b5362e14b3651 13.63MB / 53.76MB 2.3s
#9 sha256:dd6f7f2858f78fda61ee4b09ef4641600c64959581a56b582d6110d612850d83 32.51MB / 197.15MB 7.2s
#9 sha256:99bdf4e3059e088f15d90d719c388546de462f8152d07d724a4895907f69c1ce 42.99MB / 54.76MB 6.8s
#9 sha256:078965fc7cf303b72cc4eef5479dc2dbf5bc84fb8e6052a89b9b5362e14b3651 16.78MB / 53.76MB 2.7s
#9 sha256:078965fc7cf303b72cc4eef5479dc2dbf5bc84fb8e6052a89b9b5362e14b3651 20.97MB / 53.76MB 3.2s
#9 sha256:74cbdf595b3918abdc6adc2482e9590775dbc1141c80f7523b059618cf7c2937 30.41MB / 48.67MB 8.6s
#9 sha256:99bdf4e3059e088f15d90d719c388546de462f8152d07d724a4895907f69c1ce 47.19MB / 54.76MB 7.4s
#9 sha256:99bdf4e3059e088f15d90d719c388546de462f8152d07d724a4895907f69c1ce 51.38MB / 54.76MB 7.8s
#9 sha256:078965fc7cf303b72cc4eef5479dc2dbf5bc84fb8e6052a89b9b5362e14b3651 25.17MB / 53.76MB 3.6s
#9 sha256:74cbdf595b3918abdc6adc2482e9590775dbc1141c80f7523b059618cf7c2937 33.55MB / 48.67MB 9.3s
#9 sha256:99bdf4e3059e088f15d90d719c388546de462f8152d07d724a4895907f69c1ce 54.76MB / 54.76MB 8.3s done
#9 sha256:078965fc7cf303b72cc4eef5479dc2dbf5bc84fb8e6052a89b9b5362e14b3651 28.31MB / 53.76MB 4.1s
#9 sha256:dd6f7f2858f78fda61ee4b09ef4641600c64959581a56b582d6110d612850d83 42.99MB / 197.15MB 9.2s
#9 sha256:078965fc7cf303b72cc4eef5479dc2dbf5bc84fb8e6052a89b9b5362e14b3651 32.51MB / 53.76MB 4.4s
#9 sha256:74cbdf595b3918abdc6adc2482e9590775dbc1141c80f7523b059618cf7c2937 37.67MB / 48.67MB 9.8s
#9 sha256:078965fc7cf303b72cc4eef5479dc2dbf5bc84fb8e6052a89b9b5362e14b3651 35.65MB / 53.76MB 4.5s
#9 sha256:078965fc7cf303b72cc4eef5479dc2dbf5bc84fb8e6052a89b9b5362e14b3651 39.85MB / 53.76MB 4.8s
#9 sha256:74cbdf595b3918abdc6adc2482e9590775dbc1141c80f7523b059618cf7c2937 40.89MB / 48.67MB 10.4s
#9 sha256:078965fc7cf303b72cc4eef5479dc2dbf5bc84fb8e6052a89b9b5362e14b3651 42.99MB / 53.76MB 5.1s
#9 sha256:078965fc7cf303b72cc4eef5479dc2dbf5bc84fb8e6052a89b9b5362e14b3651 47.19MB / 53.76MB 5.4s
#9 sha256:74cbdf595b3918abdc6adc2482e9590775dbc1141c80f7523b059618cf7c2937 45.09MB / 48.67MB 11.0s
#9 sha256:078965fc7cf303b72cc4eef5479dc2dbf5bc84fb8e6052a89b9b5362e14b3651 51.38MB / 53.76MB 5.7s
#9 sha256:078965fc7cf303b72cc4eef5479dc2dbf5bc84fb8e6052a89b9b5362e14b3651 53.76MB / 53.76MB 5.9s done
#9 extracting sha256:078965fc7cf303b72cc4eef5479dc2dbf5bc84fb8e6052a89b9b5362e14b3651
#9 sha256:74cbdf595b3918abdc6adc2482e9590775dbc1141c80f7523b059618cf7c2937 48.67MB / 48.67MB 11.3s done
#9 sha256:dd6f7f2858f78fda61ee4b09ef4641600c64959581a56b582d6110d612850d83 54.53MB / 197.15MB 10.7s
#9 sha256:dd6f7f2858f78fda61ee4b09ef4641600c64959581a56b582d6110d612850d83 67.04MB / 197.15MB 11.1s
#9 sha256:dd6f7f2858f78fda61ee4b09ef4641600c64959581a56b582d6110d612850d83 79.69MB / 197.15MB 11.9s
#9 sha256:dd6f7f2858f78fda61ee4b09ef4641600c64959581a56b582d6110d612850d83 92.48MB / 197.15MB 12.5s
#9 sha256:dd6f7f2858f78fda61ee4b09ef4641600c64959581a56b582d6110d612850d83 102.76MB / 197.15MB 12.9s
#9 sha256:dd6f7f2858f78fda61ee4b09ef4641600c64959581a56b582d6110d612850d83 113.25MB / 197.15MB 13.4s
#9 sha256:dd6f7f2858f78fda61ee4b09ef4641600c64959581a56b582d6110d612850d83 123.73MB / 197.15MB 13.8s
#9 sha256:dd6f7f2858f78fda61ee4b09ef4641600c64959581a56b582d6110d612850d83 136.31MB / 197.15MB 14.4s
#9 sha256:dd6f7f2858f78fda61ee4b09ef4641600c64959581a56b582d6110d612850d83 147.85MB / 197.15MB 14.9s
#9 sha256:dd6f7f2858f78fda61ee4b09ef4641600c64959581a56b582d6110d612850d83 159.38MB / 197.15MB 15.3s
#9 extracting sha256:078965fc7cf303b72cc4eef5479dc2dbf5bc84fb8e6052a89b9b5362e14b3651 4.9s done
#9 extracting sha256:8620e616831b3851d274036e48fee788599fe355ea621ba7b912b9c15925e81f
#9 sha256:dd6f7f2858f78fda61ee4b09ef4641600c64959581a56b582d6110d612850d83 170.92MB / 197.15MB 15.8s
#9 sha256:dd6f7f2858f78fda61ee4b09ef4641600c64959581a56b582d6110d612850d83 182.45MB / 197.15MB 16.5s
#9 extracting sha256:8620e616831b3851d274036e48fee788599fe355ea621ba7b912b9c15925e81f 1.4s done
#9 extracting sha256:99bdf4e3059e088f15d90d719c388546de462f8152d07d724a4895907f69c1ce
#9 sha256:dd6f7f2858f78fda61ee4b09ef4641600c64959581a56b582d6110d612850d83 193.99MB / 197.15MB 17.4s
#9 sha256:dd6f7f2858f78fda61ee4b09ef4641600c64959581a56b582d6110d612850d83 197.15MB / 197.15MB 17.7s done
#9 extracting sha256:99bdf4e3059e088f15d90d719c388546de462f8152d07d724a4895907f69c1ce 3.1s done
#9 DONE 21.2s

#9 [build 1/6] FROM docker.io/library/node:20-bullseye@sha256:02d506ed5f26590a30d9bb41de99f696f5221c6162ae0ee1538b750adbb4a215
#9 extracting sha256:dd6f7f2858f78fda61ee4b09ef4641600c64959581a56b582d6110d612850d83
#9 extracting sha256:dd6f7f2858f78fda61ee4b09ef4641600c64959581a56b582d6110d612850d83 5.0s done
#9 DONE 26.2s

#9 [build 1/6] FROM docker.io/library/node:20-bullseye@sha256:02d506ed5f26590a30d9bb41de99f696f5221c6162ae0ee1538b750adbb4a215
#9 extracting sha256:a74a20b62d3bb5eef1699b1bdc5f3a32ad8b4aa7dca336fafc353c8082e4652b 0.0s done
#9 extracting sha256:74cbdf595b3918abdc6adc2482e9590775dbc1141c80f7523b059618cf7c2937
#9 extracting sha256:74cbdf595b3918abdc6adc2482e9590775dbc1141c80f7523b059618cf7c2937 2.4s done
#9 DONE 28.6s

#9 [build 1/6] FROM docker.io/library/node:20-bullseye@sha256:02d506ed5f26590a30d9bb41de99f696f5221c6162ae0ee1538b750adbb4a215
#9 extracting sha256:8f58081105937458af730792f1fceac99f3256e1532b1ee53897a9f2934eddd2 0.1s done
#9 DONE 28.7s

#9 [build 1/6] FROM docker.io/library/node:20-bullseye@sha256:02d506ed5f26590a30d9bb41de99f696f5221c6162ae0ee1538b750adbb4a215
#9 extracting sha256:50415dd169efd1a145df0e4848aa9ca3c89b57a0ae55e859715f0e73cb2ac9dd 0.1s done
#9 DONE 28.8s

#10 [build 2/6] WORKDIR /app
#10 DONE 1.0s

#11 [build 3/6] COPY package.json package-lock.json ./
#11 DONE 0.2s

#12 [build 4/6] RUN npm ci
#12 3.623 
#12 3.623 added 95 packages, and audited 96 packages in 3s
#12 3.623 
#12 3.623 15 packages are looking for funding
#12 3.623   run `npm fund` for details
#12 3.624 
#12 3.624 found 0 vulnerabilities
#12 3.625 npm notice
#12 3.625 npm notice New major version of npm available! 10.8.2 -> 11.5.2
#12 3.625 npm notice Changelog: https://github.com/npm/cli/releases/tag/v11.5.2
#12 3.625 npm notice To update run: npm install -g npm@11.5.2
#12 3.625 npm notice
#12 DONE 3.9s

#13 [build 5/6] COPY . .
#13 DONE 0.2s

#14 [build 6/6] RUN npm run build
#14 0.387 
#14 0.387 > webtoon-chatbot-frontend@1.0.0 build
#14 0.387 > tsc && vite build
#14 0.387 
#14 2.321 vite v7.1.1 building for production...
#14 2.402 transforming...
#14 3.495 ✓ 78 modules transformed.
#14 3.652 rendering chunks...
#14 3.662 computing gzip size...
#14 3.671 dist/index.html                   0.87 kB │ gzip:  0.55 kB
#14 3.671 dist/assets/index-Wg56RAcR.css    2.19 kB │ gzip:  1.01 kB
#14 3.671 dist/assets/index-mFT62e90.js   183.71 kB │ gzip: 62.21 kB
#14 3.672 ✓ built in 1.32s
#14 DONE 3.9s

#15 [stage-1 2/3] COPY --from=build /app/dist /usr/share/nginx/html
#15 DONE 0.1s

#16 [stage-1 3/3] COPY nginx.conf /etc/nginx/conf.d/default.conf
#16 DONE 0.1s

#17 exporting to image
#17 exporting layers
#17 exporting layers 0.3s done
#17 exporting manifest sha256:11f1b982941ea202e1b16a67dd214b7c4c05ae48ac1111ae74ef5f0b06690baa 0.0s done
#17 exporting config sha256:6fb00fae22e91f2cc5fb35b6e99a06d9a5a1b5577e08fa64567f95d3f118540f 0.0s done
#17 exporting attestation manifest sha256:1c593f4c4348daeb5cc53dd7235e680b433c1559502f6f15710709ece324d6ca 0.1s done
#17 exporting manifest list sha256:50a8b1ca47114cc6d9dea7b7a339823994be4fe7d7b9c1edfd88e176b4a86cf3
#17 exporting manifest list sha256:50a8b1ca47114cc6d9dea7b7a339823994be4fe7d7b9c1edfd88e176b4a86cf3 0.0s done
#17 naming to kt16big.azurecr.io/chatbot-frontend-lee:latest done
#17 unpacking to kt16big.azurecr.io/chatbot-frontend-lee:latest 0.1s done
#17 DONE 0.6s
